=================================================== BSF-SMM ====================================================
Problem name: rnd24-1-5
Mode: Pseudoprojections 
Number of Workers: 80
OpenMP is turned off!
Map List is not Fragmented.
Before conversion: m =	25	n = 49
After conversion:  m =	49	n = 24
Eps Zero:		1e-08
Obj Vector Length:	1
Maximum of objF:	49582.56
--------------- Data ---------------
Obj Function:	               7              14              16              18              13              15              24              10              17               1               3               2              22               5              19              12              12              20               7               8              14               1              18              12
u0 =		             200             200             200             200               0             200             200               0             200               0               0               0             200             200             200               0             200             200             200               0             200               0             200             200	F(x) =            48000
u0 on hyperplanes: 0 1 2 3 5 6 8 12 13 14 16 17 18 20 22 23 29 32 34 35 36 40 44 46 
u0 is inside feasible polytope.
-------------------------------------------
Number of hyperplane subsets = 16777215
=============================================
Elapsed time: 47.756525
Current objective value: 49582.56
Optimal objective value: 49582.56
Relative error = 3.4616567e-10
=============================================
Edge dimension: 1.	Subset code:12582911.	Generating hyperplanes: {0, 1, 2, 3, 5, 6, 8, 12, 13, 14, 16, 17, 18, 20, 22, 23, 29, 32, 34, 35, 36, 40, 46}.	Path length: 197.82.
Surface point:	             200             200             200             200               0             200             200               0             200               0               0               0             200             200             200               0             200             200             200          197.82             200               0             200             200
Polytope residual: 0
