=================================================== BSF-SMM ====================================================
Problem name: rnd20-1-5
Mode: Pseudoprojections 
Number of Workers: 240
OpenMP is turned off!
Map List is not Fragmented.
Before conversion: m =	21	n = 41
After conversion:  m =	41	n = 20
Eps Zero:		1e-08
Obj Vector Length:	1
Maximum of objF:	33262.391
--------------- Data ---------------
Obj Function:	              15              14              16              10               1              11               8              10              13               1              15               2              14              17               7               8               4               8              11              12
u0 =		             200             200             200             200               0             200               0               0             200               0             200               0             200             200             200             200               0               0             200               0	F(x) =            30200
u0 on hyperplanes: 0 1 2 3 5 8 10 12 13 14 15 18 25 27 28 30 32 37 38 40 
u0 is inside feasible polytope.
-------------------------------------------
Number of hyperplane subsets = 1048575
=============================================
Elapsed time: 0.82979417
Current objective value: 33262.391
Optimal objective value: 33262.391
Relative error = 9.754463e-09
=============================================
Edge dimension: 2.	Subset code:507903.	Generating hyperplanes: {0, 1, 2, 3, 5, 8, 10, 12, 13, 14, 15, 18, 25, 27, 30, 32, 37, 38}.	Path length: 196.04952.
Surface point:	             200             200             200             200               0             200               0       125.50784             200               0             200               0             200             200             200             200               0               0             200       150.60941
Polytope residual: 0
