=================================================== BSF-SMM ====================================================
Problem name: rnd22-0
Mode: Pseudoprojections 
Number of Workers: 300
OpenMP is turned off!
Map List is not Fragmented.
Before conversion: m =	23	n = 45
After conversion:  m =	45	n = 22
Eps Zero:		1e-08
Obj Vector Length:	1
Maximum of objF:	59900
--------------- Data ---------------
Obj Function:	               1               2               3               4               5               6               7               8               9              10              11              12              13              14              15              16              17              18              19              20              21              22
u0 =		             200               0               0               0               0               0               0               0               0               0               0               0               0               0               0               0               0               0               0               0               0               0	F(x) =              200
u0 on hyperplanes: 0 24 25 26 27 28 29 30 31 32 33 34 35 36 37 38 39 40 41 42 43 44 
u0 is inside feasible polytope.
-------------------------------------------
Number of hyperplane subsets = 4194303
=============================================
Elapsed time: 3.4461091
Current objective value: 34690.909
Optimal objective value: 59900
Relative error = 0.42085294
=============================================
Edge dimension: 21.	Subset code:1.	Generating hyperplanes: {0}.	Path length: 559.95868.
Surface point:	             200       18.181818       27.272727       36.363636       45.454545       54.545455       63.636364       72.727273       81.818182       90.909091             100       109.09091       118.18182       127.27273       136.36364       145.45455       154.54545       163.63636       172.72727       181.81818       190.90909             200
Polytope residual: 0
