

=================================================== BSF-SMM ====================================================
Problem name: rnd24-0
Mode: Pseudoprojections 
Number of Workers: 20
OpenMP is turned off!
Map List is not Fragmented.
Before conversion: m =	25	n = 49
After conversion:  m =	49	n = 24
Eps Zero:		1e-08
Obj Vector Length:	1
Maximum of objF:	64900
--------------- Data ---------------
Obj Function:	               1               2               3               4               5               6               7               8               9              10              11              12              13              14              15              16              17              18              19              20              21              22              23              24
u0 =		              20              40              60              80             100             120             140             160             180             200             200             200             200             200             200             200             200             200             200             200             200             200             200             200	F(x) =            56700
u0 on hyperplanes: 9 10 11 12 13 14 15 16 17 18 19 20 21 22 23 
u0 is inside feasible polytope.
-------------------------------------------
Number of hyperplane subsets = 32767
=============================================
Elapsed time: 0.21129012
Current objective value: 57333.333
Optimal objective value: 64900
Relative error = 0.11658963
=============================================
Edge dimension: 9.	Subset code:32767.	Generating hyperplanes: {9, 10, 11, 12, 13, 14, 15, 16, 17, 18, 19, 20, 21, 22, 23}.	Path length: 37.515429.
Surface point:	       22.222222       44.444444       66.666667       88.888889       111.11111       133.33333       155.55556       177.77778             200             200             200             200             200             200             200             200             200             200             200             200             200             200             200             200
Polytope residual: 0
Calculated surface point is saved into file *.sp
