=================================================== BSF-SMM ====================================================
Problem name: rnd24-1-4
Mode: Pseudoprojections 
Number of Workers: 20
OpenMP is turned off!
Map List is not Fragmented.
Before conversion: m =	25	n = 49
After conversion:  m =	49	n = 24
Eps Zero:		1e-08
Obj Vector Length:	1
Maximum of objF:	48526.028
--------------- Data ---------------
Obj Function:	               4              18              16               3              18               1               8               9              17              21               6               6              19              19              11              10              10               3              24              11              23               8               4               6
u0 =		               0             200             200               0             200               0               0             200             200             200             200               0             200             200             200             200               0               0             200             200             200             200               0               0	F(x) =            46000
u0 on hyperplanes: 1 2 4 7 8 9 10 12 13 14 15 18 19 20 21 25 28 30 31 36 41 42 47 48 
u0 is inside feasible polytope.
-------------------------------------------
Number of hyperplane subsets = 16777215
=============================================
Elapsed time: 190.81278
Current objective value: 48879.373
Optimal objective value: 48526.028
Relative error = 0.0072815581
=============================================
Edge dimension: 3.	Subset code:15400959.	Generating hyperplanes: {1, 2, 4, 7, 8, 9, 10, 12, 13, 14, 15, 18, 19, 20, 21, 25, 30, 36, 42, 47, 48}.	Path length: 218.91468.
Surface point:	               0             200             200       49.931325             200               0        133.1502             200             200             200             200               0             200             200             200             200       166.43775               0             200             200             200             200               0               0
Polytope residual: 0
Calculated surface point is saved into file *.sp
