

=================================================== BSF-SMM ====================================================
Problem name: rnd24-1-2
Mode: Pseudoprojections 
Number of Workers: 24
OpenMP is turned off!
Map List is not Fragmented.
Before conversion: m =	25	n = 49
After conversion:  m =	49	n = 24
Eps Zero:		1e-08
Obj Vector Length:	1
Maximum of objF:	48526.028
--------------- Data ---------------
Obj Function:	              22               9               7              12              13              19              23               8               2               5              14              14               5               7              18              22               6               8              11              18              24              14               6              16
u0 =		             200               0               0             200             200             200             200             200               0               0               0               0               0             200             200             200               0               0               0             200             200             200               0             200	F(x) =            43200
u0 on hyperplanes: 0 3 4 5 6 7 13 14 15 19 20 21 23 26 27 33 34 35 36 37 41 42 43 47 
u0 is inside feasible polytope.
-------------------------------------------
Number of hyperplane subsets = 16777215
=============================================
Elapsed time: 157.47321
Current objective value: 49853.284
Optimal objective value: 48526.028
Relative error = 0.027351415
=============================================
Edge dimension: 4.	Subset code:15327231.	Generating hyperplanes: {0, 3, 4, 5, 6, 7, 13, 14, 15, 19, 20, 21, 23, 27, 33, 34, 37, 42, 43, 47}.	Path length: 294.90161.
Surface point:	             200       117.64156               0             200             200             200             200             200               0               0       182.99797       182.99797               0             200             200             200       78.427704               0               0             200             200             200               0             200
Polytope residual: 0
Calculated surface point is saved into file *.sp
