

=================================================== BSF-SMM ====================================================
Problem name: rnd24-0
Mode: Pseudoprojections 
Number of Workers: 20
OpenMP is turned off!
Map List is not Fragmented.
Before conversion: m =	25	n = 49
After conversion:  m =	49	n = 24
Eps Zero:		1e-08
Obj Vector Length:	1
Maximum of objF:	64900
--------------- Data ---------------
Obj Function:	               1               2               3               4               5               6               7               8               9              10              11              12              13              14              15              16              17              18              19              20              21              22              23              24
u0 =		              25              50              75             100             125             150             175             200             200             200             200             200             200             200             200             200             200             200             200             200             200             200             200             200	F(x) =            57900
u0 on hyperplanes: 7 8 9 10 11 12 13 14 15 16 17 18 19 20 21 22 23 
u0 is inside feasible polytope.
-------------------------------------------
Number of hyperplane subsets = 131071
=============================================
Elapsed time: 0.79938102
Current objective value: 58400
Optimal objective value: 64900
Relative error = 0.10015408
=============================================
Edge dimension: 7.	Subset code:131071.	Generating hyperplanes: {7, 8, 9, 10, 11, 12, 13, 14, 15, 16, 17, 18, 19, 20, 21, 22, 23}.	Path length: 42.257713.
Surface point:	       28.571429       57.142857       85.714286       114.28571       142.85714       171.42857             200             200             200             200             200             200             200             200             200             200             200             200             200             200             200             200             200             200
Polytope residual: 0
Calculated surface point is saved into file *.sp
