

=================================================== BSF-SMM ====================================================
Problem name: rnd24-1-1
Mode: Pseudoprojections 
Number of Workers: 30
OpenMP is turned off!
Map List is not Fragmented.
Before conversion: m =	25	n = 49
After conversion:  m =	49	n = 24
Eps Zero:		1e-08
Obj Vector Length:	1
Maximum of objF:	48416.667
--------------- Data ---------------
Obj Function:	              18              12              23               5              18               5               7               7              11               9              18              18               2               4               2              12              20              15               4              13              16              13              15              10
u0 =		             200             200             200               0             200               0               0               0       183.33333             200             200             200               0               0             200             200             200             200               0             200             200             200             200             200	F(x) =        48416.667
u0 on hyperplanes: 0 1 2 4 9 10 11 14 15 16 17 19 20 21 22 23 28 30 31 32 37 38 43 
u0 is inside feasible polytope.
-------------------------------------------
Number of hyperplane subsets = 8388607
=============================================
Elapsed time: 57.198773
Current objective value: 48526.028
Optimal objective value: 48526.028
Relative error = 1.5046858e-09
=============================================
Edge dimension: 1.	Subset code:8388607.	Generating hyperplanes: {0, 1, 2, 4, 9, 10, 11, 14, 15, 16, 17, 19, 20, 21, 22, 23, 28, 30, 31, 32, 37, 38, 43}.	Path length: 9.9419327.
Surface point:	             200             200             200               0             200               0               0               0       193.27527             200             200             200               0               0             200             200             200             200               0             200             200             200             200             200
Polytope residual: 0
Calculated surface point is saved into file *.sp
