

=================================================== BSF-SMM ====================================================
Problem name: rnd24-0
Mode: Pseudoprojections 
Number of Workers: 30
OpenMP is turned off!
Map List is not Fragmented.
Before conversion: m =	25	n = 49
After conversion:  m =	49	n = 24
Eps Zero:		1e-08
Obj Vector Length:	1
Maximum of objF:	59900
--------------- Data ---------------
Obj Function:	               1               2               3               4               5               6               7               8               9              10              11              12              13              14              15              16              17              18              19              20              21              22              23              24
u0 =		             100             200             200             200             200             200             200             200             200             200             200             200             200             200             200             200             200             200             200             200             200             200             200             200	F(x) =            59900
u0 on hyperplanes: 2 3 4 5 6 7 8 9 10 11 12 13 14 15 16 17 18 19 20 21 22 23 24 
u0 is inside feasible polytope.
-------------------------------------------
Number of hyperplane subsets = 8388607
=============================================
Elapsed time: 127.99144
Current objective value: 59900
Optimal objective value: 59900
Relative error = 9.5570128e-12
=============================================
Value of the objective function cannot be refined!
