

=================================================== BSF-SMM ====================================================
Problem name: rnd24-0
Mode: Pseudoprojections 
Number of Workers: 50
OpenMP is turned off!
Map List is not Fragmented.
Before conversion: m =	25	n = 49
After conversion:  m =	49	n = 24
Eps Zero:		1e-08
Obj Vector Length:	1
Maximum of objF:	64900
--------------- Data ---------------
Obj Function:	               1               2               3               4               5               6               7               8               9              10              11              12              13              14              15              16              17              18              19              20              21              22              23              24
u0 =		       16.666667       33.333333              50       66.666667       83.333333             100       116.66667       133.33333             150       166.66667       183.33333             200             200             200             200             200             200             200             200             200             200             200             200             200	F(x) =        55233.333
u0 on hyperplanes: 11 12 13 14 15 16 17 18 19 20 21 22 23 
u0 is inside feasible polytope.
-------------------------------------------
Number of hyperplane subsets = 8191
=============================================
Elapsed time: 0.039726973
Current objective value: 56000
Optimal objective value: 64900
Relative error = 0.13713405
=============================================
Edge dimension: 11.	Subset code:8191.	Generating hyperplanes: {11, 12, 13, 14, 15, 16, 17, 18, 19, 20, 21, 22, 23}.	Path length: 34.082491.
Surface point:	       18.181818       36.363636       54.545455       72.727273       90.909091       109.09091       127.27273       145.45455       163.63636       181.81818             200             200             200             200             200             200             200             200             200             200             200             200             200             200
Polytope residual: 0
Calculated surface point is saved into file *.sp
