

=================================================== BSF-SMM ====================================================
Problem name: rnd24-0
Mode: Pseudoprojections 
Number of Workers: 10
OpenMP is turned off!
Map List is not Fragmented.
Before conversion: m =	25	n = 49
After conversion:  m =	49	n = 24
Eps Zero:		1e-08
Obj Vector Length:	1
Maximum of objF:	64900
--------------- Data ---------------
Obj Function:	               1               2               3               4               5               6               7               8               9              10              11              12              13              14              15              16              17              18              19              20              21              22              23              24
u0 =		               0               0               0               0               0               0               0               0               0               0               0               0             200             200             200             200             200             200             200             200             200             200             200             200	F(x) =            44400
u0 on hyperplanes: 12 13 14 15 16 17 18 19 20 21 22 23 25 26 27 28 29 30 31 32 33 34 35 36 
u0 is inside feasible polytope.
-------------------------------------------
Number of hyperplane subsets = 16777215
=============================================
Elapsed time: 363.27127
Current objective value: 55233.333
Optimal objective value: 64900
Relative error = 0.1489471
=============================================
Edge dimension: 12.	Subset code:4095.	Generating hyperplanes: {12, 13, 14, 15, 16, 17, 18, 19, 20, 21, 22, 23}.	Path length: 424.91829.
Surface point:	       16.666667       33.333333              50       66.666667       83.333333             100       116.66667       133.33333             150       166.66667       183.33333             200             200             200             200             200             200             200             200             200             200             200             200             200
Polytope residual: 0
Calculated surface point is saved into file *.sp
