

=================================================== BSF-SMM ====================================================
Problem name: rnd20-0
Mode: Pseudoprojections 
Number of Workers: 10
OpenMP is turned off!
Map List is not Fragmented.
Before conversion: m =	21	n = 41
After conversion:  m =	41	n = 20
Eps Zero:		1e-08
Obj Vector Length:	1
Maximum of objF:	41900
--------------- Data ---------------
Obj Function:	               1               2               3               4               5               6               7               8               9              10 ...
u0 =		              40              80             120             160             200             200             200             200             200             200 ...	F(x) =            41200
u0 on hyperplanes: 4 5 6 7 8 9 10 11 12 13 14 15 16 17 18 19 
u0 is inside feasible polytope.
-------------------------------------------
Number of hyperplane subsets = 65535
=============================================
Elapsed time: 0.64829898
Current objective value: 41500
Optimal objective value: 41900
Relative error = 0.0095465394
=============================================
Edge dimension: 4.	Subset code:65535.	Generating hyperplanes: {4, 5, 6, 7, 8, 9, 10, 11, 12, 13, 14, 15, 16, 17, 18, 19}.	Path length: 54.772256.
Surface point:	              50             100             150             200             200             200             200             200             200             200	...
Polytope residual: 0
Calculated surface point is saved into file *.sp
