

=================================================== BSF-SMM ====================================================
Problem name: rnd20-0
Mode: Pseudoprojections 
Number of Workers: 5
OpenMP is turned off!
Map List is not Fragmented.
Before conversion: m =	21	n = 41
After conversion:  m =	41	n = 20
Eps Zero:		1e-08
Obj Vector Length:	1
Maximum of objF:	41900
--------------- Data ---------------
Obj Function:	               1               2               3               4               5               6               7               8               9              10 ...
u0 =		       33.333333       66.666667             100       133.33333       166.66667             200             200             200             200             200 ...	F(x) =        40833.333
u0 on hyperplanes: 5 6 7 8 9 10 11 12 13 14 15 16 17 18 19 
u0 is inside feasible polytope.
-------------------------------------------
Number of hyperplane subsets = 32767
=============================================
Elapsed time: 0.57478189
Current objective value: 41200
Optimal objective value: 41900
Relative error = 0.016706444
=============================================
Edge dimension: 5.	Subset code:32767.	Generating hyperplanes: {5, 6, 7, 8, 9, 10, 11, 12, 13, 14, 15, 16, 17, 18, 19}.	Path length: 49.441323.
Surface point:	              40              80             120             160             200             200             200             200             200             200	...
Polytope residual: 0
Calculated surface point is saved into file *.sp
