

=================================================== BSF-SMM ====================================================
Problem name: rnd20-0
Mode: Pseudoprojections 
Number of Workers: 5
OpenMP is turned off!
Map List is not Fragmented.
Before conversion: m =	21	n = 41
After conversion:  m =	41	n = 20
Eps Zero:		1e-08
Obj Vector Length:	1
Maximum of objF:	41900
--------------- Data ---------------
Obj Function:	               1               2               3               4               5               6               7               8               9              10 ...
u0 =		              50             100             150             200             200             200             200             200             200             200 ...	F(x) =            41500
u0 on hyperplanes: 3 4 5 6 7 8 9 10 11 12 13 14 15 16 17 18 19 
u0 is inside feasible polytope.
-------------------------------------------
Number of hyperplane subsets = 131071
=============================================
Elapsed time: 2.8871281
Current objective value: 41733.333
Optimal objective value: 41900
Relative error = 0.0039777247
=============================================
Edge dimension: 3.	Subset code:131071.	Generating hyperplanes: {3, 4, 5, 6, 7, 8, 9, 10, 11, 12, 13, 14, 15, 16, 17, 18, 19}.	Path length: 62.360956.
Surface point:	       66.666667       133.33333             200             200             200             200             200             200             200             200	...
Polytope residual: 0
Calculated surface point is saved into file *.sp
