

=================================================== BSF-SMM ====================================================
Problem name: rnd20-1-1
Mode: Pseudoprojections 
Number of Workers: 10
OpenMP is turned off!
Map List is not Fragmented.
Before conversion: m =	21	n = 41
After conversion:  m =	41	n = 20
Eps Zero:		1e-08
Obj Vector Length:	1
Maximum of objF:	29804.7
--------------- Data ---------------
Obj Function:	               2               8              15               1              10               5              19              19               3               5               6               6               2               8               2              12              16               3               8              17
u0 =		               0             200             200               0             200               0             200             200               0               0               0             200               0             200               0             200             200               0             200             200	F(x) =            27600
u0 on hyperplanes: 1 2 4 6 7 11 13 15 16 18 19 21 24 26 29 30 31 33 35 38 
u0 is inside feasible polytope.
-------------------------------------------
Number of hyperplane subsets = 1048575
=============================================
Elapsed time: 15.513638
Current objective value: 29804.7
Optimal objective value: 29804.7
Relative error = 1.4572961e-08
=============================================
Edge dimension: 3.	Subset code:942079.	Generating hyperplanes: {1, 2, 4, 6, 7, 11, 13, 15, 16, 18, 19, 21, 24, 29, 33, 35, 38}.	Path length: 237.73887.
Surface point:	               0             200             200               0             200       128.18021             200             200               0       128.18021       153.81625             200               0             200               0             200             200               0             200             200
Polytope residual: 0
Calculated surface point is saved into file *.sp
