=================================================== BSF-SMM ====================================================
Problem name: rnd24-1-2
Mode: Pseudoprojections 
Number of Workers: 20
OpenMP is turned off!
Map List is not Fragmented.
Before conversion: m =	25	n = 49
After conversion:  m =	49	n = 24
Eps Zero:		1e-08
Obj Vector Length:	1
Maximum of objF:	49853.284
--------------- Data ---------------
Obj Function:	              22               9               7              12              13              19              23               8               2               5              14              14               5               7              18              22               6               8              11              18              24              14               6              16
u0 =		             200       117.64156               0             200             200             200             200             200               0               0       182.99797       182.99797               0             200             200             200       78.427704               0               0             200             200             200               0             200	F(x) =        49853.284
u0 on hyperplanes: 0 3 4 5 6 7 13 14 15 19 20 21 23 27 33 34 37 42 43 47 
u0 is inside feasible polytope.
-------------------------------------------
Number of hyperplane subsets = 1048575
=============================================
Elapsed time: 8.4336319
Current objective value: 49853.284
Optimal objective value: 49853.284
Relative error = 9.7536612e-09
=============================================
Value of the objective function cannot be refined!
